var e = 199;
function show(){
   var a= 10; // Local Var
    var b = 20;
    show();
}
show(); // Fn call , Push in Stack , then it run
VM222:3 Uncaught RangeError: Maximum call stack size exceeded
    at show (<anonymous>:3:11)
    at show (<anonymous>:5:5)
    at show (<anonymous>:5:5)
    at show (<anonymous>:5:5)
    at show (<anonymous>:5:5)
    at show (<anonymous>:5:5)
    at show (<anonymous>:5:5)
    at show (<anonymous>:5:5)
    at show (<anonymous>:5:5)
    at show (<anonymous>:5:5)
show @ VM222:3
show @ VM222:5
show @ VM222:5
show @ VM222:5
show @ VM222:5
show @ VM222:5
show @ VM222:5
show @ VM222:5
show @ VM222:5
show @ VM222:5
show @ VM222:5
show @ VM222:5
show @ VM222:5
show @ VM222:5
show @ VM222:5
show @ VM222:5
show @ VM222:5
show @ VM222:5
show @ VM222:5
show @ VM222:5
show @ VM222:5
show @ VM222:5
show @ VM222:5
show @ VM222:5
show @ VM222:5
show @ VM222:5
show @ VM222:5
show @ VM222:5
show @ VM222:5
show @ VM222:5
show @ VM222:5
show @ VM222:5
show @ VM222:5
show @ VM222:5
show @ VM222:5
show @ VM222:5
show @ VM222:5
show @ VM222:5
show @ VM222:5
show @ VM222:5
show @ VM222:5
show @ VM222:5
show @ VM222:5
show @ VM222:5
show @ VM222:5
show @ VM222:5
show @ VM222:5
show @ VM222:5
show @ VM222:5
show @ VM222:5
show @ VM222:5
show @ VM222:5
show @ VM222:5
show @ VM222:5
show @ VM222:5
show @ VM222:5
show @ VM222:5
show @ VM222:5
show @ VM222:5
show @ VM222:5
show @ VM222:5
show @ VM222:5
show @ VM222:5
show @ VM222:5
show @ VM222:5
show @ VM222:5
show @ VM222:5
show @ VM222:5
show @ VM222:5
show @ VM222:5
show @ VM222:5
show @ VM222:5
show @ VM222:5
show @ VM222:5
show @ VM222:5
show @ VM222:5
show @ VM222:5
show @ VM222:5
show @ VM222:5
show @ VM222:5
show @ VM222:5
show @ VM222:5
show @ VM222:5
show @ VM222:5
show @ VM222:5
show @ VM222:5
show @ VM222:5
show @ VM222:5
show @ VM222:5
show @ VM222:5
show @ VM222:5
show @ VM222:5
show @ VM222:5
show @ VM222:5
show @ VM222:5
show @ VM222:5
show @ VM222:5
show @ VM222:5
show @ VM222:5
show @ VM222:5
show @ VM222:5
show @ VM222:5
show @ VM222:5
show @ VM222:5
show @ VM222:5
show @ VM222:5
show @ VM222:5
show @ VM222:5
show @ VM222:5
show @ VM222:5
show @ VM222:5
show @ VM222:5
show @ VM222:5
show @ VM222:5
show @ VM222:5
show @ VM222:5
show @ VM222:5
show @ VM222:5
show @ VM222:5
show @ VM222:5
show @ VM222:5
show @ VM222:5
show @ VM222:5
show @ VM222:5
show @ VM222:5
show @ VM222:5
show @ VM222:5
show @ VM222:5
show @ VM222:5
show @ VM222:5
show @ VM222:5
show @ VM222:5
show @ VM222:5
show @ VM222:5
show @ VM222:5
show @ VM222:5
show @ VM222:5
show @ VM222:5
show @ VM222:5
show @ VM222:5
show @ VM222:5
show @ VM222:5
show @ VM222:5
show @ VM222:5
show @ VM222:5
show @ VM222:5
show @ VM222:5
show @ VM222:5
show @ VM222:5
show @ VM222:5
show @ VM222:5
show @ VM222:5
show @ VM222:5
show @ VM222:5
show @ VM222:5
show @ VM222:5
show @ VM222:5
show @ VM222:5
show @ VM222:5
show @ VM222:5
show @ VM222:5
show @ VM222:5
show @ VM222:5
show @ VM222:5
show @ VM222:5
show @ VM222:5
show @ VM222:5
show @ VM222:5
show @ VM222:5
show @ VM222:5
show @ VM222:5
show @ VM222:5
show @ VM222:5
show @ VM222:5
show @ VM222:5
show @ VM222:5
show @ VM222:5
show @ VM222:5
show @ VM222:5
show @ VM222:5
show @ VM222:5
show @ VM222:5
show @ VM222:5
show @ VM222:5
show @ VM222:5
show @ VM222:5
show @ VM222:5
show @ VM222:5
show @ VM222:5
show @ VM222:5
show @ VM222:5
show @ VM222:5
show @ VM222:5
show @ VM222:5
show @ VM222:5
show @ VM222:5
show @ VM222:5
show @ VM222:5
show @ VM222:5
show @ VM222:5
